[debug] [2026-03-22T23:10:02.517Z] ----------------------------------------------------------------------
[debug] [2026-03-22T23:10:02.524Z] Command:       C:\Program Files\nodejs\node.exe C:\Users\sochi\AppData\Roaming\npm\node_modules\firebase-tools\lib\bin\firebase.js deploy --only hosting:admin-teddycityhotels,hosting:teddycityhotels1 --project teddycityhotels1
[debug] [2026-03-22T23:10:02.525Z] CLI Version:   15.5.1
[debug] [2026-03-22T23:10:02.525Z] Platform:      win32
[debug] [2026-03-22T23:10:02.525Z] Node Version:  v24.12.0
[debug] [2026-03-22T23:10:02.526Z] Time:          Mon Mar 23 2026 00:10:02 GMT+0100 (West Africa Standard Time)
[debug] [2026-03-22T23:10:02.526Z] ----------------------------------------------------------------------
[debug] 
[debug] [2026-03-22T23:10:10.103Z] > command requires scopes: ["email","openid","https://www.googleapis.com/auth/cloudplatformprojects.readonly","https://www.googleapis.com/auth/firebase","https://www.googleapis.com/auth/cloud-platform"]
[debug] [2026-03-22T23:10:10.105Z] > authorizing via signed-in user (parabolictechspace@gmail.com)
[debug] [2026-03-22T23:10:10.106Z] [iam] checking project teddycityhotels1 for permissions ["firebase.projects.get","firebasehosting.sites.update"]
[debug] [2026-03-22T23:10:10.109Z] Checked if tokens are valid: false, expires at: 1774213068125
[debug] [2026-03-22T23:10:10.112Z] Checked if tokens are valid: false, expires at: 1774213068125
[debug] [2026-03-22T23:10:10.113Z] > refreshing access token with scopes: []
[debug] [2026-03-22T23:10:10.119Z] >>> [apiv2][query] POST https://www.googleapis.com/oauth2/v3/token [none]
[debug] [2026-03-22T23:10:10.119Z] >>> [apiv2][body] POST https://www.googleapis.com/oauth2/v3/token [omitted]
[debug] [2026-03-22T23:10:10.801Z] <<< [apiv2][status] POST https://www.googleapis.com/oauth2/v3/token 200
[debug] [2026-03-22T23:10:10.801Z] <<< [apiv2][body] POST https://www.googleapis.com/oauth2/v3/token [omitted]
[debug] [2026-03-22T23:10:10.816Z] >>> [apiv2][query] POST https://cloudresourcemanager.googleapis.com/v1/projects/teddycityhotels1:testIamPermissions [none]
[debug] [2026-03-22T23:10:10.817Z] >>> [apiv2][(partial)header] POST https://cloudresourcemanager.googleapis.com/v1/projects/teddycityhotels1:testIamPermissions  x-goog-user-project=teddycityhotels1
[debug] [2026-03-22T23:10:10.817Z] >>> [apiv2][body] POST https://cloudresourcemanager.googleapis.com/v1/projects/teddycityhotels1:testIamPermissions {"permissions":["firebase.projects.get","firebasehosting.sites.update"]}
[debug] [2026-03-22T23:10:11.385Z] <<< [apiv2][status] POST https://cloudresourcemanager.googleapis.com/v1/projects/teddycityhotels1:testIamPermissions 200
[debug] [2026-03-22T23:10:11.385Z] <<< [apiv2][body] POST https://cloudresourcemanager.googleapis.com/v1/projects/teddycityhotels1:testIamPermissions {"permissions":["firebase.projects.get","firebasehosting.sites.update"]}
[debug] [2026-03-22T23:10:11.386Z] Checked if tokens are valid: true, expires at: 1774224609802
[debug] [2026-03-22T23:10:11.387Z] Checked if tokens are valid: true, expires at: 1774224609802
[debug] [2026-03-22T23:10:11.387Z] >>> [apiv2][query] GET https://firebase.googleapis.com/v1beta1/projects/teddycityhotels1 [none]
[debug] [2026-03-22T23:10:12.063Z] <<< [apiv2][status] GET https://firebase.googleapis.com/v1beta1/projects/teddycityhotels1 200
[debug] [2026-03-22T23:10:12.064Z] <<< [apiv2][body] GET https://firebase.googleapis.com/v1beta1/projects/teddycityhotels1 {"projectId":"teddycityhotels1","projectNumber":"207712314730","displayName":"teddycityhotels","name":"projects/teddycityhotels1","resources":{"hostingSite":"teddycityhotels1"},"state":"ACTIVE","etag":"1_552f2576-9fc1-4230-9561-798f539e5264"}
[info] 
[info] === Deploying to 'teddycityhotels1'...
[info] 
[info] i  deploying hosting 
[debug] [2026-03-22T23:10:12.071Z] Checked if tokens are valid: true, expires at: 1774224609802
[debug] [2026-03-22T23:10:12.071Z] Checked if tokens are valid: true, expires at: 1774224609802
[debug] [2026-03-22T23:10:12.072Z] Checked if tokens are valid: true, expires at: 1774224609802
[debug] [2026-03-22T23:10:12.072Z] Checked if tokens are valid: true, expires at: 1774224609802
[debug] [2026-03-22T23:10:12.073Z] >>> [apiv2][query] POST https://firebasehosting.googleapis.com/v1beta1/projects/-/sites/admin-teddycityhotels/versions [none]
[debug] [2026-03-22T23:10:12.073Z] >>> [apiv2][body] POST https://firebasehosting.googleapis.com/v1beta1/projects/-/sites/admin-teddycityhotels/versions {"status":"CREATED","labels":{"deployment-tool":"cli-firebase"}}
[debug] [2026-03-22T23:10:12.075Z] >>> [apiv2][query] POST https://firebasehosting.googleapis.com/v1beta1/projects/-/sites/teddycityhotels1/versions [none]
[debug] [2026-03-22T23:10:12.075Z] >>> [apiv2][body] POST https://firebasehosting.googleapis.com/v1beta1/projects/-/sites/teddycityhotels1/versions {"status":"CREATED","labels":{"deployment-tool":"cli-firebase"}}
[debug] [2026-03-22T23:10:14.961Z] <<< [apiv2][status] POST https://firebasehosting.googleapis.com/v1beta1/projects/-/sites/teddycityhotels1/versions 200
[debug] [2026-03-22T23:10:14.962Z] <<< [apiv2][body] POST https://firebasehosting.googleapis.com/v1beta1/projects/-/sites/teddycityhotels1/versions {"name":"projects/207712314730/sites/teddycityhotels1/versions/a7c4c3e6058ac4c3","status":"CREATED","config":{},"labels":{"deployment-tool":"cli-firebase"}}
[debug] [2026-03-22T23:10:15.436Z] <<< [apiv2][status] POST https://firebasehosting.googleapis.com/v1beta1/projects/-/sites/admin-teddycityhotels/versions 200
[debug] [2026-03-22T23:10:15.437Z] <<< [apiv2][body] POST https://firebasehosting.googleapis.com/v1beta1/projects/-/sites/admin-teddycityhotels/versions {"name":"projects/207712314730/sites/admin-teddycityhotels/versions/f58f647a6d15e0f7","status":"CREATED","config":{},"labels":{"deployment-tool":"cli-firebase"}}
[info] i  hosting[admin-teddycityhotels]: beginning deploy... 
[info] i  hosting[admin-teddycityhotels]: found 28 files in dist/apps/admin-client 
[debug] [2026-03-22T23:10:15.474Z] [hosting] uploading with 200 concurrency
[debug] [2026-03-22T23:10:15.556Z] Checked if tokens are valid: true, expires at: 1774224609802
[debug] [2026-03-22T23:10:15.556Z] Checked if tokens are valid: true, expires at: 1774224609802
[debug] [2026-03-22T23:10:15.558Z] [hosting] hash cache [ZGlzdFxhcHBzXGFkbWluLWNsaWVudA] stored for 28 files
[debug] [2026-03-22T23:10:15.558Z] [hosting][hash queue][FINAL] {"max":72,"min":0,"avg":32.5,"active":0,"complete":28,"success":28,"errored":0,"retried":0,"total":28,"elapsed":79}
[debug] [2026-03-22T23:10:15.560Z] >>> [apiv2][query] POST https://firebasehosting.googleapis.com/v1beta1/projects/207712314730/sites/admin-teddycityhotels/versions/f58f647a6d15e0f7:populateFiles [none]
[debug] [2026-03-22T23:10:15.560Z] >>> [apiv2][body] POST https://firebasehosting.googleapis.com/v1beta1/projects/207712314730/sites/admin-teddycityhotels/versions/f58f647a6d15e0f7:populateFiles {"files":{"/manifest.webmanifest":"b75b5f9403648c3736ee3e191bf1e006b812d211d0a7099cee65a7a49e694b48","/admin-sw.js":"f38a59d7d0a5f555b5e7f1004e8975940fdeebcd3ccb8149f5bf3595128d2153","/icons/icon-96.webp":"0d0a8048a01cbc63d04c1ac52bac7f0c18c4674570ddfc650ed2b78a684b5789","/icons/icon-512.webp":"e1f4f1efc7ccc4793b78c02180694b050442747b13727529d826b5e0599ac71e","/icons/icon-192.webp":"4d95948d410b0643fd4f395db5922db91a5fc1922c1ddeb64c7581aef824bd06","/runtime.4314e1942f1b6df5.js":"c2544e76eb9ac5534c2a015fa45b53c7e8188a618780c42670b17a4c10301a7b","/common.cf040bcef9139faf.js":"c4a91d8c94a87060e6303e8808681f8485265f7ea2ae6af2208f08f90894f6a6","/index.html":"a291576b5dedacd7a6a75871adfafae0ac52e62f8a2b379580d848358eae54c8","/932.eae1625eb69f0aa1.js":"2ca753c444be71d025e48888627f79004b665dd97a546b9cfcaacf802f5086f1","/986.6c283b2f82359c86.js":"6f2dc2c51bad03098fc92a830e3fe41cc5ff13a03930e71ef027d99025473713","/834.53f6961a0ab240e0.js":"63872b3045482797812fbb6c70070ea1430bf5a6c70f1f9ed33054e0e507714d","/803.67f58cd88b8cf056.js":"b93f0b1392fad5f8468f6444a9d1f3c898fb972902a498e811300c7324e58dad","/732.c15e9fecc56d87d3.js":"effbf22f47583a3304a2fb9a049b735ffabc8f9e8f487642a0c5c03710e86892","/765.578dd54d3530a6a8.js":"6fcdcff0455fb300e8dae8251c0fcb41a4486aaa36df961b63a7c2c5a5ea33c4","/713.634e958802b151f4.js":"459b27f5fe592a49e96f8f1580749058588ed0d63a8f809eee496cc51daf07ed","/671.d64583d248e409ef.js":"cbd7dba72ec4ee9eaa037a5aa49cb88498846664b28b267f0f3a7c9bb789fd53","/554.12704134766b74dc.js":"d507a708d1930bb7563809f36f2365e5fc3afb0144229d5df1c45684417147dd","/53.0e38c62a3f8d6c22.js":"a60fb023d493067b26a634c05293bea5a3297e695d55ec8f0fbe8e00466f6dda","/52.c4cf60df134826d5.js":"ccf15814fa249de26f300b105ce4e3900458f39204a16e2b2dc56254f5420416","/3rdpartylicenses.txt":"afade7d1cb98b3e5c65c707a9afead8360b3a2529e7eb8731c3ef881ef1fb8a2","/108.0ef03dd60cdf7919.js":"6168bb047436a971ea3c2ef9bdda4e1b5bd02682bbeee01180c0782c9ea21d4c","/105.79c069bbf665d1c9.js":"3a8204737654f14b38c11025d6c684802d4fe68a8e1b73cb0fc5da02bf0ed578","/36.3aed3e6d3f182040.js":"221d15558652031b599b434614451a75833159044866619f7a7ec436731647f3","/341.4ecef87da0d70411.js":"2199b92c746d109e1856266a315742a1a9d6c5d9e4328b8a2abce89a488c2f53","/styles.34cb3f3901c9c620.css":"b0d9b8db49a7262c71f97a80b3bf4697be755b5b21b6fc17ddd554f2e8d9274e","/polyfills.d3703c4ed34ddcc9.js":"2084ea89bed0c15d81060c7ac5b97866a033ad2e03b67f0db17cf4681d454358","/73.7450d8ebfc533af5.js":"a7a9c37faba0b1278917294df027b0ad2d067cd61b141c4d03be04f06e9a74dc","/main.023f84edb0e9e47b.js":"f965701268c4134ba47e0ff31d557acb785e3fc4d2fcd632d58340a7450a025e"}}
[debug] [2026-03-22T23:10:16.583Z] <<< [apiv2][status] POST https://firebasehosting.googleapis.com/v1beta1/projects/207712314730/sites/admin-teddycityhotels/versions/f58f647a6d15e0f7:populateFiles 200
[debug] [2026-03-22T23:10:16.583Z] <<< [apiv2][body] POST https://firebasehosting.googleapis.com/v1beta1/projects/207712314730/sites/admin-teddycityhotels/versions/f58f647a6d15e0f7:populateFiles {"uploadRequiredHashes":["f965701268c4134ba47e0ff31d557acb785e3fc4d2fcd632d58340a7450a025e","459b27f5fe592a49e96f8f1580749058588ed0d63a8f809eee496cc51daf07ed","a291576b5dedacd7a6a75871adfafae0ac52e62f8a2b379580d848358eae54c8","c2544e76eb9ac5534c2a015fa45b53c7e8188a618780c42670b17a4c10301a7b"],"uploadUrl":"https://upload-firebasehosting.googleapis.com/upload/sites/admin-teddycityhotels/versions/f58f647a6d15e0f7/files"}
[debug] [2026-03-22T23:10:16.584Z] Checked if tokens are valid: true, expires at: 1774224609802
[debug] [2026-03-22T23:10:16.585Z] Checked if tokens are valid: true, expires at: 1774224609802
[debug] [2026-03-22T23:10:16.585Z] Checked if tokens are valid: true, expires at: 1774224609802
[debug] [2026-03-22T23:10:16.585Z] Checked if tokens are valid: true, expires at: 1774224609802
[debug] [2026-03-22T23:10:16.586Z] Checked if tokens are valid: true, expires at: 1774224609802
[debug] [2026-03-22T23:10:16.586Z] Checked if tokens are valid: true, expires at: 1774224609802
[debug] [2026-03-22T23:10:16.587Z] Checked if tokens are valid: true, expires at: 1774224609802
[debug] [2026-03-22T23:10:16.587Z] Checked if tokens are valid: true, expires at: 1774224609802
[debug] [2026-03-22T23:10:16.587Z] >>> [apiv2][query] POST https://upload-firebasehosting.googleapis.com/upload/sites/admin-teddycityhotels/versions/f58f647a6d15e0f7/files/f965701268c4134ba47e0ff31d557acb785e3fc4d2fcd632d58340a7450a025e [none]
[debug] [2026-03-22T23:10:16.587Z] >>> [apiv2][body] POST https://upload-firebasehosting.googleapis.com/upload/sites/admin-teddycityhotels/versions/f58f647a6d15e0f7/files/f965701268c4134ba47e0ff31d557acb785e3fc4d2fcd632d58340a7450a025e [stream]
[debug] [2026-03-22T23:10:16.590Z] >>> [apiv2][query] POST https://upload-firebasehosting.googleapis.com/upload/sites/admin-teddycityhotels/versions/f58f647a6d15e0f7/files/459b27f5fe592a49e96f8f1580749058588ed0d63a8f809eee496cc51daf07ed [none]
[debug] [2026-03-22T23:10:16.590Z] >>> [apiv2][body] POST https://upload-firebasehosting.googleapis.com/upload/sites/admin-teddycityhotels/versions/f58f647a6d15e0f7/files/459b27f5fe592a49e96f8f1580749058588ed0d63a8f809eee496cc51daf07ed [stream]
[debug] [2026-03-22T23:10:16.593Z] >>> [apiv2][query] POST https://upload-firebasehosting.googleapis.com/upload/sites/admin-teddycityhotels/versions/f58f647a6d15e0f7/files/a291576b5dedacd7a6a75871adfafae0ac52e62f8a2b379580d848358eae54c8 [none]
[debug] [2026-03-22T23:10:16.594Z] >>> [apiv2][body] POST https://upload-firebasehosting.googleapis.com/upload/sites/admin-teddycityhotels/versions/f58f647a6d15e0f7/files/a291576b5dedacd7a6a75871adfafae0ac52e62f8a2b379580d848358eae54c8 [stream]
[debug] [2026-03-22T23:10:16.596Z] >>> [apiv2][query] POST https://upload-firebasehosting.googleapis.com/upload/sites/admin-teddycityhotels/versions/f58f647a6d15e0f7/files/c2544e76eb9ac5534c2a015fa45b53c7e8188a618780c42670b17a4c10301a7b [none]
[debug] [2026-03-22T23:10:16.596Z] >>> [apiv2][body] POST https://upload-firebasehosting.googleapis.com/upload/sites/admin-teddycityhotels/versions/f58f647a6d15e0f7/files/c2544e76eb9ac5534c2a015fa45b53c7e8188a618780c42670b17a4c10301a7b [stream]
[debug] [2026-03-22T23:10:16.599Z] [hosting][populate queue][FINAL] {"max":1032,"min":1032,"avg":1032,"active":0,"complete":1,"success":1,"errored":0,"retried":0,"total":1,"elapsed":1044}
[debug] [2026-03-22T23:10:16.599Z] [hosting] uploads queued: 4
[info] i  hosting: uploading new files [0/4] (0%) 
[debug] [2026-03-22T23:10:17.733Z] <<< [apiv2][status] POST https://upload-firebasehosting.googleapis.com/upload/sites/admin-teddycityhotels/versions/f58f647a6d15e0f7/files/a291576b5dedacd7a6a75871adfafae0ac52e62f8a2b379580d848358eae54c8 200
[debug] [2026-03-22T23:10:17.734Z] <<< [apiv2][body] POST https://upload-firebasehosting.googleapis.com/upload/sites/admin-teddycityhotels/versions/f58f647a6d15e0f7/files/a291576b5dedacd7a6a75871adfafae0ac52e62f8a2b379580d848358eae54c8 [stream]
[debug] [2026-03-22T23:10:17.735Z] <<< [apiv2][status] POST https://upload-firebasehosting.googleapis.com/upload/sites/admin-teddycityhotels/versions/f58f647a6d15e0f7/files/c2544e76eb9ac5534c2a015fa45b53c7e8188a618780c42670b17a4c10301a7b 200
[debug] [2026-03-22T23:10:17.735Z] <<< [apiv2][body] POST https://upload-firebasehosting.googleapis.com/upload/sites/admin-teddycityhotels/versions/f58f647a6d15e0f7/files/c2544e76eb9ac5534c2a015fa45b53c7e8188a618780c42670b17a4c10301a7b [stream]
[debug] [2026-03-22T23:10:17.748Z] <<< [apiv2][status] POST https://upload-firebasehosting.googleapis.com/upload/sites/admin-teddycityhotels/versions/f58f647a6d15e0f7/files/459b27f5fe592a49e96f8f1580749058588ed0d63a8f809eee496cc51daf07ed 200
[debug] [2026-03-22T23:10:17.748Z] <<< [apiv2][body] POST https://upload-firebasehosting.googleapis.com/upload/sites/admin-teddycityhotels/versions/f58f647a6d15e0f7/files/459b27f5fe592a49e96f8f1580749058588ed0d63a8f809eee496cc51daf07ed [stream]
[debug] [2026-03-22T23:10:18.055Z] <<< [apiv2][status] POST https://upload-firebasehosting.googleapis.com/upload/sites/admin-teddycityhotels/versions/f58f647a6d15e0f7/files/f965701268c4134ba47e0ff31d557acb785e3fc4d2fcd632d58340a7450a025e 200
[debug] [2026-03-22T23:10:18.055Z] <<< [apiv2][body] POST https://upload-firebasehosting.googleapis.com/upload/sites/admin-teddycityhotels/versions/f58f647a6d15e0f7/files/f965701268c4134ba47e0ff31d557acb785e3fc4d2fcd632d58340a7450a025e [stream]
[debug] [2026-03-22T23:10:18.056Z] [hosting][upload queue][FINAL] {"max":1471,"min":1148,"avg":1232.75,"active":0,"complete":4,"success":4,"errored":0,"retried":0,"total":4,"elapsed":1472}
[info] i  hosting: upload complete 
[info] +  hosting[admin-teddycityhotels]: file upload complete 
[debug] [2026-03-22T23:10:18.057Z] [hosting] deploy completed after 2610ms
[info] i  hosting[teddycityhotels1]: beginning deploy... 
[info] i  hosting[teddycityhotels1]: found 39 files in dist/apps/website 
[debug] [2026-03-22T23:10:18.074Z] [hosting] uploading with 200 concurrency
[debug] [2026-03-22T23:10:18.249Z] Checked if tokens are valid: true, expires at: 1774224609802
[debug] [2026-03-22T23:10:18.250Z] Checked if tokens are valid: true, expires at: 1774224609802
[debug] [2026-03-22T23:10:18.262Z] [hosting] hash cache [ZGlzdFxhcHBzXHdlYnNpdGU] stored for 39 files
[debug] [2026-03-22T23:10:18.262Z] [hosting][hash queue][FINAL] {"max":171,"min":0,"avg":11.974358974358974,"active":0,"complete":39,"success":39,"errored":0,"retried":0,"total":39,"elapsed":185}
[debug] [2026-03-22T23:10:18.263Z] >>> [apiv2][query] POST https://firebasehosting.googleapis.com/v1beta1/projects/207712314730/sites/teddycityhotels1/versions/a7c4c3e6058ac4c3:populateFiles [none]
[debug] [2026-03-22T23:10:18.263Z] >>> [apiv2][body] POST https://firebasehosting.googleapis.com/v1beta1/projects/207712314730/sites/teddycityhotels1/versions/a7c4c3e6058ac4c3:populateFiles {"files":{"/favicon.ico":"01742ee90c878a48af36ec7b124e7e0937e5b2f212f787935add1fbf9c79972b","/assetlinks.json":"90bc24dafac0d211d36b2ac96dd6c2146876bb95ef7d1eb8a46b65adbb61b358","/assets/pdf.worker.min.mjs":"366475072c82f0c2a448d2660331e290c0c0a27f98a5de520cb16741ff2a36b2","/assets/img/snooker-arena.jpg":"8ebdf4e2d0a94d0479c6bf52ae2d2331d8a0ebc1a8ae0be8e5c90e2d956c46f7","/assets/img/site.webmanifest":"65748f57e3a355ca3b5213dc1a8ab66a2a605f966aa3576f0c482129ce284b00","/assets/img/poolside.webp":"dc3661e7caa9971b1cd2d71f8dad599530c307d405edf35830d06b34884f0b92","/assets/img/hero-poster.webp":"8f69e445fc232d3210f8dd4e51f1c06b2c1016f09b71c690fc772fa79e8af6c0","/assets/img/header.png":"4212cbdcd7d95dbd88e950253cf2dda905d70e3dc8952696894a5054550019d1","/assets/img/favicon.png":"b245c98ffeaf1f75c231437e9a37076bcbb354397310afa2f9ca28f0978bd746","/assets/img/favicon-16x16.png":"9f864c39643a096e63b395528e6dcdde4d1b4033e2615926aaec26d782e13813","/assets/img/download-apk.jpg":"cbd27d139172c11d8ff5b28f8fedfab6dd82db4ad0d5f2f169dfcd64f819d0fc","/assets/img/Capture.PNG":"c9fbe5941c727d5969401fae97380e093c1409f93bd257906009c2964a9e670e","/assets/img/branding.webp":"feeedb9736f6359afacfece5879b3394070c4a020e141e2b23445f92d2da40c2","/assets/img/apple-touch-icon.png":"d913778dc168b507370929299e4cf06ae78badbd64c2a4a797944cb6e418d53e","/assets/img/team/team-8.png":"31fb4bb595954713146bdc963401267fb7ca7614247425eb9cc33f164cfedb76","/assets/img/team/team-7.png":"6558b2b6a283bd9e04209ddc247fac7d4c2856921090d658cf9d0d2ed1f4027a","/assets/img/team/team-6.png":"c9c0df10f21b569dc09baa6aa35bbdba60c69d94c9267e7fe2d4c154029fff05","/assets/img/team/team-5.png":"96c1ca52f9c2e089bc416f0d18f2c71cba0947bc4f3702e967818a593f8c1803","/assets/img/team/team-4.png":"e2a05996043072afae4f756eb96b9093272960110a2e6419730fa700abcfb503","/assets/img/team/team-3.png":"0eb64430cb19def7ba47e434fa8f689183df1c46f3417db5bbf99a22665ba2ef","/assets/img/team/team-2.png":"3f6955cb89e22927d0e9f9e53a1f68939e4cd735aa71562fcff2f23fe6398e94","/assets/img/team/team-1.png":"7c9ec0b267b675abd100186f5489d550b506dd3c57ee8ec547368d3763cdee3c","/assets/img/team/Picsart_24-05-05_11-38-42-278.png":"f47fe398470b8d94b273fff1dd1564014bc5a4ebe7c2b9d14c513a0da6298b8f","/assets/icons/windows.svg":"8bc7a42919a5d96943aaa4bb2df9fbd4ad759c93feb8c7313157e5ccf4dd97f1","/assets/icons/twitter.svg":"b2ac2b7218d90ae614d3deaa8d4200fa1482691ebfe51a6e353e3a3ba4120210","/assets/icons/tcn-icon.jpeg":"d01f959fec5926b4d1b90ffc787bcf389b154cc1ec88ca50847ae5e696e423ff","/assets/icons/linux.svg":"fbc0025f34b734189aa36a772d0e668114c8045f4713b24a801b987ec6697e8e","/assets/icons/linkedin.svg":"a9fb8df85398a36fe643c5cb98b45843b9164251a796f5d088bbb755b5ac60d0","/assets/icons/google-play.svg":"93687d5a054c63e5e903a3f74815e093eb9db7aed7faf4a21140ad06b70eb24a","/assets/icons/facebook.svg":"730839e6e48634c3946d54fc5bd0838edbb136bcb4c50b663a81d693fd572dcf","/assets/icons/apple.svg":"92f39546980e523b0bb5131ab7ee420da0b4222b787c4d835c4393be86040392","/runtime.b69adfb872f30311.js":"944ae51712ee6d3df20595eb6f5304e02c1a850fcb7308cb06cce87845187ee1","/polyfills.e374b4b2894b5de4.js":"e084bb1b6b16212e263f3005227a50b0d2cdca885696a203555c12b4fb7c2590","/index.html":"c3bbe9829ad6960feceb5a377de8bb5c8fcd15cfc88f0829da482339135166f6","/3rdpartylicenses.txt":"978fc750e4895234f9587d1e8cff7afd9f2db6ebfcc9f752505ebbac1098bf4a","/styles.221e38ba66bd7be9.css":"5dcfb298af8829a7a1bc34e8d26378c8a7d006233e3a2ca63a28500e72b90fe2","/73.db581fe9ff97639b.js":"6931625caa3e9b93c435ff448f6b526d963b34d30611e0a26774bf4da405fcad","/hero-poster.d1280f985a41a761.webp":"8f69e445fc232d3210f8dd4e51f1c06b2c1016f09b71c690fc772fa79e8af6c0","/main.ddf5f13c483916bc.js":"dbc2c331d9e210b0d755fb229f50f90acaafc739cfeb2d62df680ecbd0b42d1c"}}
[debug] [2026-03-22T23:10:19.474Z] <<< [apiv2][status] POST https://firebasehosting.googleapis.com/v1beta1/projects/207712314730/sites/teddycityhotels1/versions/a7c4c3e6058ac4c3:populateFiles 200
[debug] [2026-03-22T23:10:19.475Z] <<< [apiv2][body] POST https://firebasehosting.googleapis.com/v1beta1/projects/207712314730/sites/teddycityhotels1/versions/a7c4c3e6058ac4c3:populateFiles {"uploadRequiredHashes":["c3bbe9829ad6960feceb5a377de8bb5c8fcd15cfc88f0829da482339135166f6","dbc2c331d9e210b0d755fb229f50f90acaafc739cfeb2d62df680ecbd0b42d1c"],"uploadUrl":"https://upload-firebasehosting.googleapis.com/upload/sites/teddycityhotels1/versions/a7c4c3e6058ac4c3/files"}
[debug] [2026-03-22T23:10:19.476Z] Checked if tokens are valid: true, expires at: 1774224609802
[debug] [2026-03-22T23:10:19.476Z] Checked if tokens are valid: true, expires at: 1774224609802
[debug] [2026-03-22T23:10:19.476Z] Checked if tokens are valid: true, expires at: 1774224609802
[debug] [2026-03-22T23:10:19.477Z] Checked if tokens are valid: true, expires at: 1774224609802
[debug] [2026-03-22T23:10:19.477Z] >>> [apiv2][query] POST https://upload-firebasehosting.googleapis.com/upload/sites/teddycityhotels1/versions/a7c4c3e6058ac4c3/files/c3bbe9829ad6960feceb5a377de8bb5c8fcd15cfc88f0829da482339135166f6 [none]
[debug] [2026-03-22T23:10:19.477Z] >>> [apiv2][body] POST https://upload-firebasehosting.googleapis.com/upload/sites/teddycityhotels1/versions/a7c4c3e6058ac4c3/files/c3bbe9829ad6960feceb5a377de8bb5c8fcd15cfc88f0829da482339135166f6 [stream]
[debug] [2026-03-22T23:10:19.478Z] >>> [apiv2][query] POST https://upload-firebasehosting.googleapis.com/upload/sites/teddycityhotels1/versions/a7c4c3e6058ac4c3/files/dbc2c331d9e210b0d755fb229f50f90acaafc739cfeb2d62df680ecbd0b42d1c [none]
[debug] [2026-03-22T23:10:19.478Z] >>> [apiv2][body] POST https://upload-firebasehosting.googleapis.com/upload/sites/teddycityhotels1/versions/a7c4c3e6058ac4c3/files/dbc2c331d9e210b0d755fb229f50f90acaafc739cfeb2d62df680ecbd0b42d1c [stream]
[debug] [2026-03-22T23:10:19.479Z] [hosting][populate queue][FINAL] {"max":1228,"min":1228,"avg":1228,"active":0,"complete":1,"success":1,"errored":0,"retried":0,"total":1,"elapsed":1230}
[debug] [2026-03-22T23:10:19.480Z] [hosting] uploads queued: 2
[info] i  hosting: uploading new files [0/2] (0%) 
[debug] [2026-03-22T23:10:20.511Z] <<< [apiv2][status] POST https://upload-firebasehosting.googleapis.com/upload/sites/teddycityhotels1/versions/a7c4c3e6058ac4c3/files/c3bbe9829ad6960feceb5a377de8bb5c8fcd15cfc88f0829da482339135166f6 200
[debug] [2026-03-22T23:10:20.512Z] <<< [apiv2][body] POST https://upload-firebasehosting.googleapis.com/upload/sites/teddycityhotels1/versions/a7c4c3e6058ac4c3/files/c3bbe9829ad6960feceb5a377de8bb5c8fcd15cfc88f0829da482339135166f6 [stream]
[debug] [2026-03-22T23:10:20.658Z] <<< [apiv2][status] POST https://upload-firebasehosting.googleapis.com/upload/sites/teddycityhotels1/versions/a7c4c3e6058ac4c3/files/dbc2c331d9e210b0d755fb229f50f90acaafc739cfeb2d62df680ecbd0b42d1c 200
[debug] [2026-03-22T23:10:20.658Z] <<< [apiv2][body] POST https://upload-firebasehosting.googleapis.com/upload/sites/teddycityhotels1/versions/a7c4c3e6058ac4c3/files/dbc2c331d9e210b0d755fb229f50f90acaafc739cfeb2d62df680ecbd0b42d1c [stream]
[debug] [2026-03-22T23:10:20.659Z] [hosting][upload queue][FINAL] {"max":1183,"min":1037,"avg":1110,"active":0,"complete":2,"success":2,"errored":0,"retried":0,"total":2,"elapsed":1184}
[info] i  hosting: upload complete 
[info] +  hosting[teddycityhotels1]: file upload complete 
[debug] [2026-03-22T23:10:20.659Z] [hosting] deploy completed after 2602ms
[debug] [2026-03-22T23:10:20.660Z] [
  {
    "config": {
      "site": "admin-teddycityhotels",
      "public": "dist/apps/admin-client",
      "ignore": [
        "firebase.json",
        "**/.*",
        "**/node_modules/**"
      ],
      "rewrites": [
        {
          "source": "**",
          "destination": "/index.html"
        }
      ]
    },
    "version": "projects/207712314730/sites/admin-teddycityhotels/versions/f58f647a6d15e0f7"
  },
  {
    "config": {
      "site": "teddycityhotels1",
      "public": "dist/apps/website",
      "ignore": [
        "firebase.json",
        "**/.*",
        "**/node_modules/**"
      ],
      "rewrites": [
        {
          "source": "**",
          "destination": "/index.html"
        }
      ]
    },
    "version": "projects/207712314730/sites/teddycityhotels1/versions/a7c4c3e6058ac4c3"
  }
]
[info] i  hosting[admin-teddycityhotels]: finalizing version... 
[info] i  hosting[teddycityhotels1]: finalizing version... 
[debug] [2026-03-22T23:10:20.664Z] Checked if tokens are valid: true, expires at: 1774224609802
[debug] [2026-03-22T23:10:20.664Z] Checked if tokens are valid: true, expires at: 1774224609802
[debug] [2026-03-22T23:10:20.664Z] Checked if tokens are valid: true, expires at: 1774224609802
[debug] [2026-03-22T23:10:20.665Z] Checked if tokens are valid: true, expires at: 1774224609802
[debug] [2026-03-22T23:10:20.665Z] >>> [apiv2][query] PATCH https://firebasehosting.googleapis.com/v1beta1/projects/-/sites/admin-teddycityhotels/versions/f58f647a6d15e0f7 updateMask=status%2Cconfig
[debug] [2026-03-22T23:10:20.666Z] >>> [apiv2][body] PATCH https://firebasehosting.googleapis.com/v1beta1/projects/-/sites/admin-teddycityhotels/versions/f58f647a6d15e0f7 {"status":"FINALIZED","config":{"rewrites":[{"glob":"**","path":"/index.html"}]}}
[debug] [2026-03-22T23:10:20.667Z] >>> [apiv2][query] PATCH https://firebasehosting.googleapis.com/v1beta1/projects/-/sites/teddycityhotels1/versions/a7c4c3e6058ac4c3 updateMask=status%2Cconfig
[debug] [2026-03-22T23:10:20.667Z] >>> [apiv2][body] PATCH https://firebasehosting.googleapis.com/v1beta1/projects/-/sites/teddycityhotels1/versions/a7c4c3e6058ac4c3 {"status":"FINALIZED","config":{"rewrites":[{"glob":"**","path":"/index.html"}]}}
[debug] [2026-03-22T23:10:22.401Z] <<< [apiv2][status] PATCH https://firebasehosting.googleapis.com/v1beta1/projects/-/sites/admin-teddycityhotels/versions/f58f647a6d15e0f7 200
[debug] [2026-03-22T23:10:22.401Z] <<< [apiv2][body] PATCH https://firebasehosting.googleapis.com/v1beta1/projects/-/sites/admin-teddycityhotels/versions/f58f647a6d15e0f7 {"name":"projects/207712314730/sites/admin-teddycityhotels/versions/f58f647a6d15e0f7","status":"FINALIZED","config":{"rewrites":[{"glob":"**","path":"/index.html"}]},"labels":{"deployment-tool":"cli-firebase"},"createTime":"2026-03-22T23:10:30.477669Z","createUser":{"email":"parabolictechspace@gmail.com"},"finalizeTime":"2026-03-22T23:10:38.853192Z","finalizeUser":{"email":"parabolictechspace@gmail.com"}}
[debug] [2026-03-22T23:10:22.402Z] [hosting] finalized version for admin-teddycityhotels:[object Object]
[info] +  hosting[admin-teddycityhotels]: version finalized 
[info] i  hosting[admin-teddycityhotels]: releasing new version... 
[debug] [2026-03-22T23:10:22.402Z] Checked if tokens are valid: true, expires at: 1774224609802
[debug] [2026-03-22T23:10:22.403Z] Checked if tokens are valid: true, expires at: 1774224609802
[debug] [2026-03-22T23:10:22.403Z] >>> [apiv2][query] POST https://firebasehosting.googleapis.com/v1beta1/projects/-/sites/admin-teddycityhotels/channels/live/releases versionName=projects%2F207712314730%2Fsites%2Fadmin-teddycityhotels%2Fversions%2Ff58f647a6d15e0f7
[debug] [2026-03-22T23:10:22.403Z] >>> [apiv2][body] POST https://firebasehosting.googleapis.com/v1beta1/projects/-/sites/admin-teddycityhotels/channels/live/releases {}
[debug] [2026-03-22T23:10:23.129Z] <<< [apiv2][status] PATCH https://firebasehosting.googleapis.com/v1beta1/projects/-/sites/teddycityhotels1/versions/a7c4c3e6058ac4c3 200
[debug] [2026-03-22T23:10:23.129Z] <<< [apiv2][body] PATCH https://firebasehosting.googleapis.com/v1beta1/projects/-/sites/teddycityhotels1/versions/a7c4c3e6058ac4c3 {"name":"projects/207712314730/sites/teddycityhotels1/versions/a7c4c3e6058ac4c3","status":"FINALIZED","config":{"rewrites":[{"glob":"**","path":"/index.html"}]},"labels":{"deployment-tool":"cli-firebase"},"createTime":"2026-03-22T23:10:30.359462Z","createUser":{"email":"parabolictechspace@gmail.com"},"finalizeTime":"2026-03-22T23:10:39.585553Z","finalizeUser":{"email":"parabolictechspace@gmail.com"}}
[debug] [2026-03-22T23:10:23.129Z] [hosting] finalized version for teddycityhotels1:[object Object]
[info] +  hosting[teddycityhotels1]: version finalized 
[info] i  hosting[teddycityhotels1]: releasing new version... 
[debug] [2026-03-22T23:10:23.130Z] Checked if tokens are valid: true, expires at: 1774224609802
[debug] [2026-03-22T23:10:23.130Z] Checked if tokens are valid: true, expires at: 1774224609802
[debug] [2026-03-22T23:10:23.131Z] >>> [apiv2][query] POST https://firebasehosting.googleapis.com/v1beta1/projects/-/sites/teddycityhotels1/channels/live/releases versionName=projects%2F207712314730%2Fsites%2Fteddycityhotels1%2Fversions%2Fa7c4c3e6058ac4c3
[debug] [2026-03-22T23:10:23.131Z] >>> [apiv2][body] POST https://firebasehosting.googleapis.com/v1beta1/projects/-/sites/teddycityhotels1/channels/live/releases {}
[debug] [2026-03-22T23:10:25.294Z] <<< [apiv2][status] POST https://firebasehosting.googleapis.com/v1beta1/projects/-/sites/admin-teddycityhotels/channels/live/releases 200
[debug] [2026-03-22T23:10:25.295Z] <<< [apiv2][body] POST https://firebasehosting.googleapis.com/v1beta1/projects/-/sites/admin-teddycityhotels/channels/live/releases {"name":"projects/207712314730/sites/admin-teddycityhotels/channels/live/releases/1774221040651000","version":{"name":"projects/207712314730/sites/admin-teddycityhotels/versions/f58f647a6d15e0f7","status":"FINALIZED","config":{"rewrites":[{"glob":"**","path":"/index.html"}]},"labels":{"deployment-tool":"cli-firebase"},"createTime":"2026-03-22T23:10:30.477669Z","createUser":{"email":"parabolictechspace@gmail.com","imageUrl":"https://lh3.googleusercontent.com/a/ACg8ocL_fBiR4RyaR6Qoi5MbbS-DMi8Wfh0GF9xOZ1iNdG9LnFW2iw=mo"},"finalizeTime":"2026-03-22T23:10:38.853192Z","finalizeUser":{"email":"parabolictechspace@gmail.com","imageUrl":"https://lh3.googleusercontent.com/a/ACg8ocL_fBiR4RyaR6Qoi5MbbS-DMi8Wfh0GF9xOZ1iNdG9LnFW2iw=mo"}},"type":"DEPLOY","releaseTime":"2026-03-22T23:10:40.651Z","releaseUser":{"email":"parabolictechspace@gmail.com","imageUrl":"https://lh3.googleusercontent.com/a/ACg8ocL_fBiR4RyaR6Qoi5MbbS-DMi8Wfh0GF9xOZ1iNdG9LnFW2iw=mo"}}
[debug] [2026-03-22T23:10:25.295Z] [hosting] release: {"name":"projects/207712314730/sites/admin-teddycityhotels/channels/live/releases/1774221040651000","version":{"name":"projects/207712314730/sites/admin-teddycityhotels/versions/f58f647a6d15e0f7","status":"FINALIZED","config":{"rewrites":[{"glob":"**","path":"/index.html"}]},"labels":{"deployment-tool":"cli-firebase"},"createTime":"2026-03-22T23:10:30.477669Z","createUser":{"email":"parabolictechspace@gmail.com","imageUrl":"https://lh3.googleusercontent.com/a/ACg8ocL_fBiR4RyaR6Qoi5MbbS-DMi8Wfh0GF9xOZ1iNdG9LnFW2iw=mo"},"finalizeTime":"2026-03-22T23:10:38.853192Z","finalizeUser":{"email":"parabolictechspace@gmail.com","imageUrl":"https://lh3.googleusercontent.com/a/ACg8ocL_fBiR4RyaR6Qoi5MbbS-DMi8Wfh0GF9xOZ1iNdG9LnFW2iw=mo"}},"type":"DEPLOY","releaseTime":"2026-03-22T23:10:40.651Z","releaseUser":{"email":"parabolictechspace@gmail.com","imageUrl":"https://lh3.googleusercontent.com/a/ACg8ocL_fBiR4RyaR6Qoi5MbbS-DMi8Wfh0GF9xOZ1iNdG9LnFW2iw=mo"}}
[info] +  hosting[admin-teddycityhotels]: release complete 
[debug] [2026-03-22T23:10:25.397Z] <<< [apiv2][status] POST https://firebasehosting.googleapis.com/v1beta1/projects/-/sites/teddycityhotels1/channels/live/releases 200
